<?xml version="1.0" encoding="UTF-8"?>
<testng-results skipped="0" failed="0" ignored="0" total="2" passed="2">
  <reporter-output>
  </reporter-output>
  <suite name="Default suite" duration-ms="29644" started-at="2017-06-29T03:25:42Z" finished-at="2017-06-29T03:26:11Z">
    <groups>
    </groups>
    <test name="Default test" duration-ms="29644" started-at="2017-06-29T03:25:42Z" finished-at="2017-06-29T03:26:11Z">
      <class name="createAccount.VerifyCreateAccountSussessfully">
        <test-method status="PASS" signature="Test1()[pri:0, instance:createAccount.VerifyCreateAccountSussessfully@6767c1fc]" name="Test1" duration-ms="13751" started-at="2017-06-29T10:25:42Z" finished-at="2017-06-29T10:25:55Z">
          <reporter-output>
          </reporter-output>
        </test-method> <!-- Test1 -->
        <test-method status="PASS" signature="Test2()[pri:0, instance:createAccount.VerifyCreateAccountSussessfully@6767c1fc]" name="Test2" duration-ms="15876" started-at="2017-06-29T10:25:55Z" finished-at="2017-06-29T10:26:11Z">
          <reporter-output>
          </reporter-output>
        </test-method> <!-- Test2 -->
      </class> <!-- createAccount.VerifyCreateAccountSussessfully -->
    </test> <!-- Default test -->
  </suite> <!-- Default suite -->
</testng-results>
